
Limit Book @ 100
Y_B

	 1 @ 99
	 115 @ 98
	 308 @ 97
	 917 @ 96
	 236 @ 95
	 173 @ 94
	 703 @ 93
	 375 @ 92
	 353 @ 90
Y_S

	 103 @ 100
	 48 @ 100
	 131 @ 101
	 527 @ 102
	 289 @ 103
	 327 @ 104
	 475 @ 105
	 324 @ 106
	 403 @ 107
	 337 @ 108

Limit Book @ 200
Y_B

	 1 @ 99
	 48 @ 99
	 133 @ 98
	 393 @ 97
	 962 @ 96
	 275 @ 95
	 217 @ 94
	 754 @ 93
	 403 @ 92
	 461 @ 91
Y_S

	 103 @ 100
	 50 @ 100
	 146 @ 101
	 536 @ 102
	 333 @ 103
	 407 @ 104
	 506 @ 105
	 389 @ 106
	 423 @ 107
	 337 @ 108
ZZ_B

	 267 @ 115
ZZ_S

	 147 @ 121

Limit Book @ 300
Y_B

	 1 @ 99
	 58 @ 99
	 178 @ 98
	 387 @ 97
	 1046 @ 96
	 316 @ 95
	 245 @ 94
	 772 @ 93
	 406 @ 92
	 452 @ 91
Y_S

	 103 @ 100
	 11 @ 100
	 175 @ 101
	 567 @ 102
	 409 @ 103
	 493 @ 104
	 537 @ 105
	 422 @ 106
	 447 @ 107
	 340 @ 108
ZZ_B

	 267 @ 115
	 374 @ 117
ZZ_S

	 147 @ 121

Limit Book @ 400
Y_B

	 1 @ 99
	 111 @ 99
	 206 @ 98
	 435 @ 97
	 1043 @ 96
	 346 @ 95
	 310 @ 94
	 882 @ 93
	 506 @ 92
	 502 @ 91
Y_S

	 103 @ 100
	 161 @ 101
	 17 @ 100
	 549 @ 102
	 377 @ 103
	 501 @ 104
	 511 @ 105
	 474 @ 106
	 527 @ 107
	 390 @ 108
ZZ_B

	 267 @ 115
	 374 @ 117
ZZ_S

	 147 @ 121

Limit Book @ 500
Y_B

	 1 @ 99
	 103 @ 99
	 288 @ 98
	 353 @ 97
	 1004 @ 96
	 248 @ 95
	 257 @ 94
	 852 @ 93
	 476 @ 92
	 514 @ 91
Y_S

	 103 @ 100
	 161 @ 101
	 538 @ 102
	 386 @ 103
	 481 @ 104
	 517 @ 105
	 480 @ 106
	 521 @ 107
	 384 @ 108
ZZ_B

	 267 @ 115
	 374 @ 117
ZZ_S

	 147 @ 121
	 369 @ 123
	 540 @ 125

Limit Book @ 600
Y_B

	 1 @ 99
	 36 @ 100
	 171 @ 99
	 383 @ 98
	 451 @ 97
	 1081 @ 96
	 287 @ 95
	 330 @ 94
	 886 @ 93
	 522 @ 92
	 560 @ 91
Y_S

	 103 @ 100
	 14 @ 101
	 600 @ 102
	 436 @ 103
	 536 @ 104
	 589 @ 105
	 487 @ 106
	 533 @ 107
	 384 @ 108
ZZ_B

	 267 @ 115
	 374 @ 117
	 168 @ 119
ZZ_S

	 147 @ 121
	 369 @ 123
	 540 @ 125

Limit Book @ 700
Y_B

	 1 @ 99
	 55 @ 100
	 191 @ 99
	 388 @ 98
	 521 @ 97
	 1081 @ 96
	 266 @ 95
	 330 @ 94
	 880 @ 93
	 522 @ 92
	 560 @ 91
Y_S

	 103 @ 100
	 171 @ 101
	 627 @ 102
	 406 @ 103
	 545 @ 104
	 624 @ 105
	 480 @ 106
	 564 @ 107
	 384 @ 108
ZZ_B

	 267 @ 115
	 374 @ 117
	 168 @ 119
ZZ_S

	 147 @ 121
	 369 @ 123
	 540 @ 125

Limit Book @ 800
Y_B

	 1 @ 99
	 166 @ 99
	 301 @ 98
	 454 @ 97
	 1091 @ 96
	 366 @ 95
	 324 @ 94
	 911 @ 93
	 523 @ 92
	 549 @ 91
Y_S

	 103 @ 100
	 237 @ 101
	 244 @ 101
	 676 @ 102
	 436 @ 103
	 561 @ 104
	 543 @ 105
	 521 @ 106
	 540 @ 107
	 391 @ 108
ZZ_B

	 267 @ 115
	 374 @ 117
	 168 @ 119
	 273 @ 115
ZZ_S

	 147 @ 121
	 369 @ 123
	 540 @ 125

Limit Book @ 900
Y_B

	 1 @ 99
	 149 @ 99
	 227 @ 98
	 505 @ 97
	 1092 @ 96
	 356 @ 95
	 345 @ 94
	 917 @ 93
	 514 @ 92
	 549 @ 91
Y_S

	 103 @ 100
	 53 @ 100
	 299 @ 101
	 653 @ 102
	 413 @ 103
	 557 @ 104
	 565 @ 105
	 566 @ 106
	 480 @ 107
	 391 @ 108
ZZ_B

	 267 @ 115
	 374 @ 117
	 168 @ 119
	 273 @ 115
ZZ_S

	 147 @ 121
	 369 @ 123
	 540 @ 125
	 584 @ 126

Limit Book @ 1000
Y_B

	 1 @ 99
	 215 @ 99
	 242 @ 98
	 482 @ 97
	 1064 @ 96
	 362 @ 95
	 405 @ 94
	 857 @ 93
	 580 @ 92
	 558 @ 91
Y_S

	 103 @ 100
	 89 @ 100
	 321 @ 101
	 688 @ 102
	 472 @ 103
	 523 @ 104
	 614 @ 105
	 527 @ 106
	 480 @ 107
	 391 @ 108
ZZ_B

	 267 @ 115
	 374 @ 117
	 168 @ 119
	 234 @ 118
	 273 @ 115
	 1102 @ 116
ZZ_S

	 147 @ 121
	 369 @ 123
	 540 @ 125
	 584 @ 126
